<?xml version="1.0" encoding="UTF-8"?>
<robot generator="Robot 7.3.2 (Python 3.13.3 on win32)" generated="2025-08-30T19:13:50.572464" rpa="false" schemaversion="5">
<suite id="s1" name="Test" source="C:\Users\User\Desktop\Git Tree\test_imagehorizonlibrary\test.robot">
<test id="s1-t1" name="Create Reference Images" line="11">
<kw name="Open Browser" owner="SeleniumLibrary">
<msg time="2025-08-30T19:13:51.629818" level="INFO">Opening browser 'chrome' to base url 'https://www.google.com'.</msg>
<arg>https://www.google.com</arg>
<arg>chrome</arg>
<arg>options=add_argument("--ignore-certificate-errors")</arg>
<doc>Opens a new browser instance to the optional ``url``.</doc>
<status status="PASS" start="2025-08-30T19:13:51.629354" elapsed="2.547266"/>
</kw>
<kw name="Maximize Browser Window" owner="SeleniumLibrary">
<doc>Maximizes current browser window.</doc>
<status status="PASS" start="2025-08-30T19:13:54.177433" elapsed="0.040269"/>
</kw>
<kw name="Sleep" owner="BuiltIn">
<msg time="2025-08-30T19:13:59.219832" level="INFO">Slept 5 seconds.</msg>
<arg>5s</arg>
<doc>Pauses the test executed for the given time.</doc>
<status status="PASS" start="2025-08-30T19:13:54.218102" elapsed="5.001925"/>
</kw>
<kw name="Capture Page Screenshot" owner="SeleniumLibrary">
<msg time="2025-08-30T19:13:59.342459" level="INFO" html="true">&lt;/td&gt;&lt;/tr&gt;&lt;tr&gt;&lt;td colspan="3"&gt;&lt;a href="reference-google-page"&gt;&lt;img src="reference-google-page" width="800px"&gt;&lt;/a&gt;</msg>
<msg time="2025-08-30T19:13:59.342605" level="INFO">C:\Users\User\AppData\Roaming\Python\Python313\site-packages\selenium\webdriver\remote\webdriver.py:826: UserWarning: name used for saved screenshot does not match file type. It should end with a `.png` extension
  return self.get_screenshot_as_file(filename)</msg>
<arg>reference-google-page</arg>
<doc>Takes a screenshot of the current page and embeds it into a log file.</doc>
<status status="PASS" start="2025-08-30T19:13:59.220463" elapsed="0.122406"/>
</kw>
<kw name="Log" owner="BuiltIn">
<msg time="2025-08-30T19:13:59.343687" level="WARN">Now take manual screenshots and save as Screenshot-4.png and Screenshot-5.png</msg>
<arg>Now take manual screenshots and save as Screenshot-4.png and Screenshot-5.png</arg>
<arg>WARN</arg>
<doc>Logs the given message with the given level.</doc>
<status status="PASS" start="2025-08-30T19:13:59.343302" elapsed="0.001670"/>
</kw>
<kw name="Sleep" owner="BuiltIn">
<msg time="2025-08-30T19:14:19.345932" level="INFO">Slept 20 seconds.</msg>
<arg>20s</arg>
<doc>Pauses the test executed for the given time.</doc>
<status status="PASS" start="2025-08-30T19:13:59.345435" elapsed="20.000640"/>
</kw>
<kw name="Close Browser" owner="SeleniumLibrary">
<doc>Closes the current browser.</doc>
<status status="PASS" start="2025-08-30T19:14:19.346483" elapsed="2.249149"/>
</kw>
<kw name="Test TearDown Capture" type="TEARDOWN">
<kw name="Close All Browsers" owner="SeleniumLibrary">
<doc>Closes all open browsers and resets the browser cache.</doc>
<status status="PASS" start="2025-08-30T19:14:21.600084" elapsed="0.000317"/>
</kw>
<kw name="Capture Page Screenshot" owner="SeleniumLibrary">
<msg time="2025-08-30T19:14:21.600785" level="INFO">Cannot capture screenshot because no browser is open.</msg>
<doc>Takes a screenshot of the current page and embeds it into a log file.</doc>
<status status="PASS" start="2025-08-30T19:14:21.600614" elapsed="0.000254"/>
</kw>
<doc>Cleanup after test execution</doc>
<status status="PASS" start="2025-08-30T19:14:21.599459" elapsed="0.001529"/>
</kw>
<doc>Create reference images for testing</doc>
<tag>setup</tag>
<status status="PASS" start="2025-08-30T19:13:51.626905" elapsed="29.975574"/>
</test>
<status status="PASS" start="2025-08-30T19:13:50.576595" elapsed="31.028855"/>
</suite>
<statistics>
<total>
<stat pass="1" fail="0" skip="0">All Tests</stat>
</total>
<tag>
<stat pass="1" fail="0" skip="0">setup</stat>
</tag>
<suite>
<stat name="Test" id="s1" pass="1" fail="0" skip="0">Test</stat>
</suite>
</statistics>
<errors>
<msg time="2025-08-30T19:13:59.343687" level="WARN">Now take manual screenshots and save as Screenshot-4.png and Screenshot-5.png</msg>
</errors>
</robot>
