<?xml version="1.0" encoding="UTF-8"?>
<robot generator="Robot 7.3.2 (Python 3.13.3 on win32)" generated="2025-08-31T14:51:29.656414" rpa="false" schemaversion="5">
<suite id="s1" name="Test Robot Imagehorizonlibrary" source="C:\Users\User\Desktop\Git Tree\test_robot_imagehorizonlibrary">
<suite id="s1-s1" name="Test" source="C:\Users\User\Desktop\Git Tree\test_robot_imagehorizonlibrary\test.robot">
<test id="s1-s1-t1" name="IHAVECPU using ImageHorizonLibrary" line="51">
<kw name="Set Reference Folder" owner="ImageHorizonLibrary">
<arg>C:\\Users\\User\\Desktop\\Git Tree\\test_robot_imagehorizonlibrary</arg>
<doc>Sets where all reference images are stored.</doc>
<status status="PASS" start="2025-08-31T14:51:30.718275" elapsed="0.000542"/>
</kw>
<kw name="Set Confidence" owner="ImageHorizonLibrary">
<arg>0.5</arg>
<doc>Sets the accuracy when finding images.</doc>
<status status="PASS" start="2025-08-31T14:51:30.719254" elapsed="0.000398"/>
</kw>
<kw name="Open Browser" owner="SeleniumLibrary">
<msg time="2025-08-31T14:51:30.720991" level="INFO">Opening browser 'chrome' to base url 'http://ihavecpu.com/'.</msg>
<arg>http://ihavecpu.com/</arg>
<arg>chrome</arg>
<arg>options=add_argument("--ignore-certificate-errors")</arg>
<doc>Opens a new browser instance to the optional ``url``.</doc>
<status status="PASS" start="2025-08-31T14:51:30.720493" elapsed="7.663144"/>
</kw>
<kw name="Maximize Browser Window" owner="SeleniumLibrary">
<doc>Maximizes current browser window.</doc>
<status status="PASS" start="2025-08-31T14:51:38.384533" elapsed="0.100041"/>
</kw>
<kw name="Sleep" owner="BuiltIn">
<msg time="2025-08-31T14:51:43.486312" level="INFO">Slept 5 seconds.</msg>
<arg>5s</arg>
<doc>Pauses the test executed for the given time.</doc>
<status status="PASS" start="2025-08-31T14:51:38.485118" elapsed="5.002164"/>
</kw>
<kw name="Wait For" owner="ImageHorizonLibrary">
<msg time="2025-08-31T14:51:43.653178" level="FAIL">ImageNotFoundException</msg>
<arg>${ihavecpu_logo}</arg>
<arg>30</arg>
<doc>Tries to locate given image from the screen for given time.</doc>
<status status="FAIL" start="2025-08-31T14:51:43.487961" elapsed="0.175648">ImageNotFoundException</status>
</kw>
<kw name="Scroll Until Image Found">
<arg>${about_me}</arg>
<arg>25</arg>
<status status="NOT RUN" start="2025-08-31T14:51:43.664618" elapsed="0.000298"/>
</kw>
<kw name="Test TearDown Capture" type="TEARDOWN">
<kw name="Capture Page Screenshot" owner="SeleniumLibrary">
<msg time="2025-08-31T14:51:44.059082" level="INFO" html="true">&lt;/td&gt;&lt;/tr&gt;&lt;tr&gt;&lt;td colspan="3"&gt;&lt;a href="selenium-screenshot-13.png"&gt;&lt;img src="selenium-screenshot-13.png" width="800px"&gt;&lt;/a&gt;</msg>
<doc>Takes a screenshot of the current page and embeds it into a log file.</doc>
<status status="PASS" start="2025-08-31T14:51:43.666278" elapsed="0.393500"/>
</kw>
<doc>Cleanup after test execution</doc>
<status status="PASS" start="2025-08-31T14:51:43.665641" elapsed="0.394469"/>
</kw>
<doc>Image-based approach (fragile). Ensure images match your screen and ImageHorizonLibrary is installed.</doc>
<tag>image</tag>
<status status="FAIL" start="2025-08-31T14:51:30.714192" elapsed="13.346261">ImageNotFoundException</status>
</test>
<status status="FAIL" start="2025-08-31T14:51:29.703949" elapsed="14.362110"/>
</suite>
<status status="FAIL" start="2025-08-31T14:51:29.663862" elapsed="14.414855"/>
</suite>
<statistics>
<total>
<stat pass="0" fail="1" skip="0">All Tests</stat>
</total>
<tag>
<stat pass="0" fail="1" skip="0">image</stat>
</tag>
<suite>
<stat name="Test Robot Imagehorizonlibrary" id="s1" pass="0" fail="1" skip="0">Test Robot Imagehorizonlibrary</stat>
<stat name="Test" id="s1-s1" pass="0" fail="1" skip="0">Test Robot Imagehorizonlibrary.Test</stat>
</suite>
</statistics>
<errors>
</errors>
</robot>
